# JRE version: Java(TM) SE Runtime Environment (22.0.1+8) (build 22.0.1+8-16)
# Java VM: Java HotSpot(TM) 64-Bit Server VM (22.0.1+8-16, mixed mode, sharing, tiered, compressed oops, compressed class ptrs, g1 gc, windows-amd64)
GC Precious Log:
 CardTable entry size: 512
 Card Set container configuration: InlinePtr #cards 4 size 8 Array Of Cards #cards 16 size 48 Howl #buckets 8 coarsen threshold 3686 Howl Bitmap #cards 512 size 80 coarsen threshold 460 Card regions per heap region 1 cards per card region 4096
 CPUs: 4 total, 4 available
 Memory: 12193M
 Large Page Support: Disabled
 NUMA Support: Disabled
 Compressed Oops: Enabled (Zero based)
 Heap Region Size: 2M
 Heap Min Capacity: 8M
 Heap Initial Capacity: 192M
 Heap Max Capacity: 3050M
 Pre-touch: Disabled
 Parallel Workers: 4
 Concurrent Workers: 1
 Concurrent Refinement Workers: 4
 Periodic GC: Disabled
Heap:
 garbage-first heap   total reserved 3123200K, committed 55296K, used 21897K [0x0000000741600000, 0x0000000800000000)
  region size 2048K, 5 young (10240K), 2 survivors (4096K)
 Metaspace       used 22966K, committed 23360K, reserved 1114112K
  class space    used 3330K, committed 3520K, reserved 1048576K
GC Heap History (8 events):
Event: 1.433 GC heap before
{Heap before GC invocations=0 (full 0):
 garbage-first heap   total reserved 3123200K, committed 196608K, used 12288K [0x0000000741600000, 0x0000000800000000)
  region size 2048K, 7 young (14336K), 0 survivors (0K)
 Metaspace       used 2304K, committed 2496K, reserved 1114112K
  class space    used 239K, committed 320K, reserved 1048576K
}
Event: 1.438 GC heap after
{Heap after GC invocations=1 (full 0):
 garbage-first heap   total reserved 3123200K, committed 196608K, used 1718K [0x0000000741600000, 0x0000000800000000)
  region size 2048K, 1 young (2048K), 1 survivors (2048K)
 Metaspace       used 2304K, committed 2496K, reserved 1114112K
  class space    used 239K, committed 320K, reserved 1048576K
}
Event: 2.495 GC heap before
{Heap before GC invocations=1 (full 0):
 garbage-first heap   total reserved 3123200K, committed 196608K, used 22198K [0x0000000741600000, 0x0000000800000000)
  region size 2048K, 11 young (22528K), 1 survivors (2048K)
 Metaspace       used 6658K, committed 6976K, reserved 1114112K
  class space    used 738K, committed 896K, reserved 1048576K
}
Event: 2.501 GC heap after
{Heap after GC invocations=2 (full 0):
 garbage-first heap   total reserved 3123200K, committed 196608K, used 4864K [0x0000000741600000, 0x0000000800000000)
  region size 2048K, 2 young (4096K), 2 survivors (4096K)
 Metaspace       used 6658K, committed 6976K, reserved 1114112K
  class space    used 738K, committed 896K, reserved 1048576K
}
Event: 16.314 GC heap before
{Heap before GC invocations=2 (full 0):
 garbage-first heap   total reserved 3123200K, committed 196608K, used 84736K [0x0000000741600000, 0x0000000800000000)
  region size 2048K, 41 young (83968K), 2 survivors (4096K)
 Metaspace       used 21197K, committed 21504K, reserved 1114112K
  class space    used 3071K, committed 3200K, reserved 1048576K
}
Event: 16.333 GC heap after
{Heap after GC invocations=3 (full 0):
 garbage-first heap   total reserved 3123200K, committed 196608K, used 14159K [0x0000000741600000, 0x0000000800000000)
  region size 2048K, 6 young (12288K), 6 survivors (12288K)
 Metaspace       used 21197K, committed 21504K, reserved 1114112K
  class space    used 3071K, committed 3200K, reserved 1048576K
}
Event: 28.742 GC heap before
{Heap before GC invocations=4 (full 0):
 garbage-first heap   total reserved 3123200K, committed 55296K, used 34639K [0x0000000741600000, 0x0000000800000000)
  region size 2048K, 16 young (32768K), 6 survivors (12288K)
 Metaspace       used 22714K, committed 23104K, reserved 1114112K
  class space    used 3330K, committed 3520K, reserved 1048576K
}
Event: 28.765 GC heap after
{Heap after GC invocations=5 (full 0):
 garbage-first heap   total reserved 3123200K, committed 55296K, used 17801K [0x0000000741600000, 0x0000000800000000)
  region size 2048K, 2 young (4096K), 2 survivors (4096K)
 Metaspace       used 22714K, committed 23104K, reserved 1114112K
  class space    used 3330K, committed 3520K, reserved 1048576K
}

